<?xml version="1.0" encoding="UTF-8"?>
<!-- Generated by org.testng.reporters.JUnitReportReporter -->
<testsuite skipped="0" hostname="DESKTOP-JCJ8HOK" name="grid.GridDemo" tests="4" failures="0" timestamp="21 Dec 2022 01:33:43 GMT" time="186.040" errors="0">
  <testcase name="test4" time="48.765" classname="grid.GridDemo"/>
  <testcase name="test3" time="48.366" classname="grid.GridDemo"/>
  <testcase name="test1" time="42.628" classname="grid.GridDemo"/>
  <testcase name="test2" time="46.281" classname="grid.GridDemo"/>
</testsuite> <!-- grid.GridDemo -->
