<?xml version="1.0" encoding="UTF-8"?>
<!-- Generated by org.testng.reporters.JUnitReportReporter -->
<testsuite skipped="1" hostname="DESKTOP-JCJ8HOK" name="testng.TNG_001" tests="3" failures="0" timestamp="12 Nov 2022 01:20:10 GMT" time="0.017" errors="0">
  <testcase name="f" time="0.013" classname="testng.TNG_001"/>
  <testcase name="z" time="0.004" classname="testng.TNG_001"/>
  <testcase name="a" classname="testng.TNG_001">
    <skipped/>
  </testcase> <!-- a -->
</testsuite> <!-- testng.TNG_001 -->
