<?xml version="1.0" encoding="UTF-8"?>
<!-- Generated by org.testng.reporters.JUnitReportReporter -->
<testsuite skipped="0" hostname="DESKTOP-JCJ8HOK" name="testng.TNG_002" tests="1" failures="0" timestamp="17 Nov 2022 01:09:03 GMT" time="35.473" errors="0">
  <testcase name="amazon" time="35.473" classname="testng.TNG_002"/>
</testsuite> <!-- testng.TNG_002 -->
